<?xml version="1.0" encoding="UTF-8"?>
<testsuites name="AgiltooTestSuite" time="24.069" tests="6" failures="0" errors="0">
   <testsuite name="AgiltooTestSuite" tests="6" failures="0" errors="0" time="24.069" skipped="0" timestamp="2023-07-07 09:36:47" hostname="famara - Mouhamed_agilto.home" id="Test Suites/AgiltooTestSuite">
      <properties>
         <property name="deviceName" value=""/>
         <property name="devicePlatform" value=""/>
         <property name="logFolder" value="C:\\Users\\monsh\\Katalon Studio\\AgiltooAPI\\Reports\\20230707_093636\\AgiltooTestSuite\\20230707_093638"/>
         <property name="logFiles" value="C:\\Users\\monsh\\Katalon Studio\\AgiltooAPI\\Reports\\20230707_093636\\AgiltooTestSuite\\20230707_093638\\execution0.log"/>
         <property name="attachments" value=""/>
         <property name="hostName" value="famara - Mouhamed_agilto.home"/>
         <property name="hostAddress" value="192.168.1.12"/>
         <property name="os" value="Windows 11 64bit"/>
         <property name="katalonVersion" value="8.6.5.208"/>
      </properties>
      <testcase name="Test Cases/Get_all_Products" time="3.491" classname="Test Cases/Get_all_Products" status="PASSED">
         <system-out><![CDATA[2023-07-07 09:36:47 - [TEST_CASE][PASSED] - Test Cases/Get_all_Products: Test Cases/Get_all_Products

2023-07-07 09:36:47 - [TEST_STEP][PASSED] - sendRequestAndVerify(findTestObject("RestAPI/Grocery/Products")): Send request and verify the response successfully

2023-07-07 09:36:50 - [MESSAGE][INFO] - HAR: C:\Users\monsh\Katalon Studio\AgiltooAPI\Reports\20230707_093636\AgiltooTestSuite\20230707_093638\requests\main\0.har

2023-07-07 09:36:50 - [TEST_CASE][PASSED] - Start Test Case : Verification: Verification accomplished successfully

2023-07-07 09:36:50 - [TEST_STEP][PASSED] - request = getInstance().getCurrentRequest(): null

2023-07-07 09:36:50 - [TEST_STEP][PASSED] - response = getInstance().getCurrentResponse(): null

2023-07-07 09:36:50 - [TEST_STEP][PASSED] - verifyResponseStatusCode(response, 200): Verify response status code successfully

2023-07-07 09:36:50 - [MESSAGE][PASSED] - Verify response status code successfully

2023-07-07 09:36:50 - [TEST_STEP][PASSED] - getStatusCode()).isEqualTo(200): null

2023-07-07 09:36:50 - [TEST_STEP][PASSED] - getElementPropertyValue(response, "[1].id"): null

2023-07-07 09:36:50 - [TEST_STEP][PASSED] - productId = getElementPropertyValue(response, "[1].id"): null

2023-07-07 09:36:50 - [MESSAGE][PASSED] - Verify response successfully

2023-07-07 09:36:51 - [MESSAGE][PASSED] - All validation steps have been passed

2023-07-07 09:36:51 - [MESSAGE][PASSED] - Send request and verify the response successfully]]></system-out>
         <system-err><![CDATA[]]></system-err>
      </testcase>
      <testcase name="Test Cases/Order Creation" time="4.836" classname="Test Cases/Order Creation" status="PASSED">
         <system-out><![CDATA[2023-07-07 09:36:51 - [TEST_CASE][PASSED] - Test Cases/Order Creation: Test Cases/Order Creation

2023-07-07 09:36:51 - [TEST_STEP][PASSED] - response = sendRequestAndVerify(findTestObject("RestAPI/Grocery/Cart")): Send request and verify the response successfully

2023-07-07 09:36:52 - [MESSAGE][INFO] - HAR: C:\Users\monsh\Katalon Studio\AgiltooAPI\Reports\20230707_093636\AgiltooTestSuite\20230707_093638\requests\main\1.har

2023-07-07 09:36:52 - [TEST_CASE][PASSED] - Start Test Case : Verification: Verification accomplished successfully

2023-07-07 09:36:52 - [TEST_STEP][PASSED] - request = getInstance().getCurrentRequest(): null

2023-07-07 09:36:52 - [TEST_STEP][PASSED] - response = getInstance().getCurrentResponse(): null

2023-07-07 09:36:52 - [TEST_STEP][PASSED] - verifyResponseStatusCode(response, 201): Verify response status code successfully

2023-07-07 09:36:52 - [MESSAGE][PASSED] - Verify response status code successfully

2023-07-07 09:36:52 - [TEST_STEP][PASSED] - getStatusCode()).isEqualTo(201): null

2023-07-07 09:36:52 - [TEST_STEP][PASSED] - getElementPropertyValue(response, "cartId"): null

2023-07-07 09:36:52 - [TEST_STEP][PASSED] - basketId = getElementPropertyValue(response, "cartId"): null

2023-07-07 09:36:52 - [TEST_STEP][PASSED] - println(basketId): null

2023-07-07 09:36:52 - [MESSAGE][PASSED] - Verify response successfully

2023-07-07 09:36:52 - [MESSAGE][PASSED] - All validation steps have been passed

2023-07-07 09:36:52 - [MESSAGE][PASSED] - Send request and verify the response successfully

2023-07-07 09:36:52 - [TEST_STEP][PASSED] - jsonSlurper = new groovy.json.JsonSlurper(): null

2023-07-07 09:36:52 - [TEST_STEP][PASSED] - object = jsonSlurper.parseText(response.getResponseBodyContent()): null

2023-07-07 09:36:52 - [TEST_STEP][PASSED] - basketId = cartId: null

2023-07-07 09:36:52 - [TEST_STEP][PASSED] - sendRequestAndVerify(findTestObject("RestAPI/Grocery/Add Items", ["Id":basketId])): Send request and verify the response successfully

2023-07-07 09:36:53 - [MESSAGE][INFO] - HAR: C:\Users\monsh\Katalon Studio\AgiltooAPI\Reports\20230707_093636\AgiltooTestSuite\20230707_093638\requests\main\2.har

2023-07-07 09:36:53 - [TEST_CASE][PASSED] - Start Test Case : Verification: Verification accomplished successfully

2023-07-07 09:36:53 - [TEST_STEP][PASSED] - request = getInstance().getCurrentRequest(): null

2023-07-07 09:36:53 - [TEST_STEP][PASSED] - response = getInstance().getCurrentResponse(): null

2023-07-07 09:36:53 - [TEST_STEP][PASSED] - verifyResponseStatusCode(response, 201): Verify response status code successfully

2023-07-07 09:36:53 - [MESSAGE][PASSED] - Verify response status code successfully

2023-07-07 09:36:53 - [TEST_STEP][PASSED] - getStatusCode()).isEqualTo(201): null

2023-07-07 09:36:53 - [MESSAGE][PASSED] - Verify response successfully

2023-07-07 09:36:53 - [MESSAGE][PASSED] - All validation steps have been passed

2023-07-07 09:36:53 - [MESSAGE][PASSED] - Send request and verify the response successfully

2023-07-07 09:36:53 - [TEST_STEP][PASSED] - sendRequest(findTestObject("RestAPI/Grocery/Register client", ["Username":username, "Email":mail])): Send request successfully

2023-07-07 09:36:55 - [MESSAGE][INFO] - HAR: C:\Users\monsh\Katalon Studio\AgiltooAPI\Reports\20230707_093636\AgiltooTestSuite\20230707_093638\requests\main\3.har

2023-07-07 09:36:55 - [MESSAGE][PASSED] - Send request successfully

2023-07-07 09:36:55 - [TEST_STEP][PASSED] - sendRequestAndVerify(findTestObject("RestAPI/Grocery/Order", ["bearer":token, "carstId":basketId])): Send request and verify the response successfully

2023-07-07 09:36:55 - [MESSAGE][INFO] - HAR: C:\Users\monsh\Katalon Studio\AgiltooAPI\Reports\20230707_093636\AgiltooTestSuite\20230707_093638\requests\main\4.har

2023-07-07 09:36:55 - [TEST_CASE][PASSED] - Start Test Case : Verification: Verification accomplished successfully

2023-07-07 09:36:55 - [TEST_STEP][PASSED] - request = getInstance().getCurrentRequest(): null

2023-07-07 09:36:55 - [TEST_STEP][PASSED] - response = getInstance().getCurrentResponse(): null

2023-07-07 09:36:55 - [MESSAGE][PASSED] - Verify response successfully

2023-07-07 09:36:55 - [MESSAGE][PASSED] - All validation steps have been passed

2023-07-07 09:36:55 - [MESSAGE][PASSED] - Send request and verify the response successfully]]></system-out>
         <system-err><![CDATA[]]></system-err>
      </testcase>
      <testcase name="Test Cases/Order Creation" time="3.951" classname="Test Cases/Order Creation" status="PASSED">
         <system-out><![CDATA[2023-07-07 09:36:55 - [TEST_CASE][PASSED] - Test Cases/Order Creation: Test Cases/Order Creation

2023-07-07 09:36:55 - [TEST_STEP][PASSED] - response = sendRequestAndVerify(findTestObject("RestAPI/Grocery/Cart")): Send request and verify the response successfully

2023-07-07 09:36:56 - [MESSAGE][INFO] - HAR: C:\Users\monsh\Katalon Studio\AgiltooAPI\Reports\20230707_093636\AgiltooTestSuite\20230707_093638\requests\main\5.har

2023-07-07 09:36:56 - [TEST_CASE][PASSED] - Start Test Case : Verification: Verification accomplished successfully

2023-07-07 09:36:56 - [TEST_STEP][PASSED] - request = getInstance().getCurrentRequest(): null

2023-07-07 09:36:56 - [TEST_STEP][PASSED] - response = getInstance().getCurrentResponse(): null

2023-07-07 09:36:56 - [TEST_STEP][PASSED] - verifyResponseStatusCode(response, 201): Verify response status code successfully

2023-07-07 09:36:56 - [MESSAGE][PASSED] - Verify response status code successfully

2023-07-07 09:36:56 - [TEST_STEP][PASSED] - getStatusCode()).isEqualTo(201): null

2023-07-07 09:36:56 - [TEST_STEP][PASSED] - getElementPropertyValue(response, "cartId"): null

2023-07-07 09:36:56 - [TEST_STEP][PASSED] - basketId = getElementPropertyValue(response, "cartId"): null

2023-07-07 09:36:57 - [TEST_STEP][PASSED] - println(basketId): null

2023-07-07 09:36:57 - [MESSAGE][PASSED] - Verify response successfully

2023-07-07 09:36:57 - [MESSAGE][PASSED] - All validation steps have been passed

2023-07-07 09:36:57 - [MESSAGE][PASSED] - Send request and verify the response successfully

2023-07-07 09:36:57 - [TEST_STEP][PASSED] - jsonSlurper = new groovy.json.JsonSlurper(): null

2023-07-07 09:36:57 - [TEST_STEP][PASSED] - object = jsonSlurper.parseText(response.getResponseBodyContent()): null

2023-07-07 09:36:57 - [TEST_STEP][PASSED] - basketId = cartId: null

2023-07-07 09:36:57 - [TEST_STEP][PASSED] - sendRequestAndVerify(findTestObject("RestAPI/Grocery/Add Items", ["Id":basketId])): Send request and verify the response successfully

2023-07-07 09:36:57 - [MESSAGE][INFO] - HAR: C:\Users\monsh\Katalon Studio\AgiltooAPI\Reports\20230707_093636\AgiltooTestSuite\20230707_093638\requests\main\6.har

2023-07-07 09:36:58 - [TEST_CASE][PASSED] - Start Test Case : Verification: Verification accomplished successfully

2023-07-07 09:36:58 - [TEST_STEP][PASSED] - request = getInstance().getCurrentRequest(): null

2023-07-07 09:36:58 - [TEST_STEP][PASSED] - response = getInstance().getCurrentResponse(): null

2023-07-07 09:36:58 - [TEST_STEP][PASSED] - verifyResponseStatusCode(response, 201): Verify response status code successfully

2023-07-07 09:36:58 - [MESSAGE][PASSED] - Verify response status code successfully

2023-07-07 09:36:58 - [TEST_STEP][PASSED] - getStatusCode()).isEqualTo(201): null

2023-07-07 09:36:58 - [MESSAGE][PASSED] - Verify response successfully

2023-07-07 09:36:58 - [MESSAGE][PASSED] - All validation steps have been passed

2023-07-07 09:36:58 - [MESSAGE][PASSED] - Send request and verify the response successfully

2023-07-07 09:36:58 - [TEST_STEP][PASSED] - sendRequest(findTestObject("RestAPI/Grocery/Register client", ["Username":username, "Email":mail])): Send request successfully

2023-07-07 09:36:59 - [MESSAGE][INFO] - HAR: C:\Users\monsh\Katalon Studio\AgiltooAPI\Reports\20230707_093636\AgiltooTestSuite\20230707_093638\requests\main\7.har

2023-07-07 09:36:59 - [MESSAGE][PASSED] - Send request successfully

2023-07-07 09:36:59 - [TEST_STEP][PASSED] - sendRequestAndVerify(findTestObject("RestAPI/Grocery/Order", ["bearer":token, "carstId":basketId])): Send request and verify the response successfully

2023-07-07 09:36:59 - [MESSAGE][INFO] - HAR: C:\Users\monsh\Katalon Studio\AgiltooAPI\Reports\20230707_093636\AgiltooTestSuite\20230707_093638\requests\main\8.har

2023-07-07 09:36:59 - [TEST_CASE][PASSED] - Start Test Case : Verification: Verification accomplished successfully

2023-07-07 09:36:59 - [TEST_STEP][PASSED] - request = getInstance().getCurrentRequest(): null

2023-07-07 09:36:59 - [TEST_STEP][PASSED] - response = getInstance().getCurrentResponse(): null

2023-07-07 09:36:59 - [MESSAGE][PASSED] - Verify response successfully

2023-07-07 09:36:59 - [MESSAGE][PASSED] - All validation steps have been passed

2023-07-07 09:36:59 - [MESSAGE][PASSED] - Send request and verify the response successfully]]></system-out>
         <system-err><![CDATA[]]></system-err>
      </testcase>
      <testcase name="Test Cases/Order Creation" time="3.981" classname="Test Cases/Order Creation" status="PASSED">
         <system-out><![CDATA[2023-07-07 09:36:59 - [TEST_CASE][PASSED] - Test Cases/Order Creation: Test Cases/Order Creation

2023-07-07 09:36:59 - [TEST_STEP][PASSED] - response = sendRequestAndVerify(findTestObject("RestAPI/Grocery/Cart")): Send request and verify the response successfully

2023-07-07 09:37:00 - [MESSAGE][INFO] - HAR: C:\Users\monsh\Katalon Studio\AgiltooAPI\Reports\20230707_093636\AgiltooTestSuite\20230707_093638\requests\main\9.har

2023-07-07 09:37:00 - [TEST_CASE][PASSED] - Start Test Case : Verification: Verification accomplished successfully

2023-07-07 09:37:01 - [TEST_STEP][PASSED] - request = getInstance().getCurrentRequest(): null

2023-07-07 09:37:01 - [TEST_STEP][PASSED] - response = getInstance().getCurrentResponse(): null

2023-07-07 09:37:01 - [TEST_STEP][PASSED] - verifyResponseStatusCode(response, 201): Verify response status code successfully

2023-07-07 09:37:01 - [MESSAGE][PASSED] - Verify response status code successfully

2023-07-07 09:37:01 - [TEST_STEP][PASSED] - getStatusCode()).isEqualTo(201): null

2023-07-07 09:37:01 - [TEST_STEP][PASSED] - getElementPropertyValue(response, "cartId"): null

2023-07-07 09:37:01 - [TEST_STEP][PASSED] - basketId = getElementPropertyValue(response, "cartId"): null

2023-07-07 09:37:01 - [TEST_STEP][PASSED] - println(basketId): null

2023-07-07 09:37:01 - [MESSAGE][PASSED] - Verify response successfully

2023-07-07 09:37:01 - [MESSAGE][PASSED] - All validation steps have been passed

2023-07-07 09:37:01 - [MESSAGE][PASSED] - Send request and verify the response successfully

2023-07-07 09:37:01 - [TEST_STEP][PASSED] - jsonSlurper = new groovy.json.JsonSlurper(): null

2023-07-07 09:37:01 - [TEST_STEP][PASSED] - object = jsonSlurper.parseText(response.getResponseBodyContent()): null

2023-07-07 09:37:01 - [TEST_STEP][PASSED] - basketId = cartId: null

2023-07-07 09:37:01 - [TEST_STEP][PASSED] - sendRequestAndVerify(findTestObject("RestAPI/Grocery/Add Items", ["Id":basketId])): Send request and verify the response successfully

2023-07-07 09:37:01 - [MESSAGE][INFO] - HAR: C:\Users\monsh\Katalon Studio\AgiltooAPI\Reports\20230707_093636\AgiltooTestSuite\20230707_093638\requests\main\10.har

2023-07-07 09:37:02 - [TEST_CASE][PASSED] - Start Test Case : Verification: Verification accomplished successfully

2023-07-07 09:37:02 - [TEST_STEP][PASSED] - request = getInstance().getCurrentRequest(): null

2023-07-07 09:37:02 - [TEST_STEP][PASSED] - response = getInstance().getCurrentResponse(): null

2023-07-07 09:37:02 - [TEST_STEP][PASSED] - verifyResponseStatusCode(response, 201): Verify response status code successfully

2023-07-07 09:37:02 - [MESSAGE][PASSED] - Verify response status code successfully

2023-07-07 09:37:02 - [TEST_STEP][PASSED] - getStatusCode()).isEqualTo(201): null

2023-07-07 09:37:02 - [MESSAGE][PASSED] - Verify response successfully

2023-07-07 09:37:02 - [MESSAGE][PASSED] - All validation steps have been passed

2023-07-07 09:37:02 - [MESSAGE][PASSED] - Send request and verify the response successfully

2023-07-07 09:37:02 - [TEST_STEP][PASSED] - sendRequest(findTestObject("RestAPI/Grocery/Register client", ["Username":username, "Email":mail])): Send request successfully

2023-07-07 09:37:03 - [MESSAGE][INFO] - HAR: C:\Users\monsh\Katalon Studio\AgiltooAPI\Reports\20230707_093636\AgiltooTestSuite\20230707_093638\requests\main\11.har

2023-07-07 09:37:03 - [MESSAGE][PASSED] - Send request successfully

2023-07-07 09:37:03 - [TEST_STEP][PASSED] - sendRequestAndVerify(findTestObject("RestAPI/Grocery/Order", ["bearer":token, "carstId":basketId])): Send request and verify the response successfully

2023-07-07 09:37:03 - [MESSAGE][INFO] - HAR: C:\Users\monsh\Katalon Studio\AgiltooAPI\Reports\20230707_093636\AgiltooTestSuite\20230707_093638\requests\main\12.har

2023-07-07 09:37:03 - [TEST_CASE][PASSED] - Start Test Case : Verification: Verification accomplished successfully

2023-07-07 09:37:03 - [TEST_STEP][PASSED] - request = getInstance().getCurrentRequest(): null

2023-07-07 09:37:03 - [TEST_STEP][PASSED] - response = getInstance().getCurrentResponse(): null

2023-07-07 09:37:03 - [MESSAGE][PASSED] - Verify response successfully

2023-07-07 09:37:03 - [MESSAGE][PASSED] - All validation steps have been passed

2023-07-07 09:37:03 - [MESSAGE][PASSED] - Send request and verify the response successfully]]></system-out>
         <system-err><![CDATA[]]></system-err>
      </testcase>
      <testcase name="Test Cases/Order Creation" time="3.654" classname="Test Cases/Order Creation" status="PASSED">
         <system-out><![CDATA[2023-07-07 09:37:03 - [TEST_CASE][PASSED] - Test Cases/Order Creation: Test Cases/Order Creation

2023-07-07 09:37:03 - [TEST_STEP][PASSED] - response = sendRequestAndVerify(findTestObject("RestAPI/Grocery/Cart")): Send request and verify the response successfully

2023-07-07 09:37:04 - [MESSAGE][INFO] - HAR: C:\Users\monsh\Katalon Studio\AgiltooAPI\Reports\20230707_093636\AgiltooTestSuite\20230707_093638\requests\main\13.har

2023-07-07 09:37:04 - [TEST_CASE][PASSED] - Start Test Case : Verification: Verification accomplished successfully

2023-07-07 09:37:04 - [TEST_STEP][PASSED] - request = getInstance().getCurrentRequest(): null

2023-07-07 09:37:04 - [TEST_STEP][PASSED] - response = getInstance().getCurrentResponse(): null

2023-07-07 09:37:04 - [TEST_STEP][PASSED] - verifyResponseStatusCode(response, 201): Verify response status code successfully

2023-07-07 09:37:04 - [MESSAGE][PASSED] - Verify response status code successfully

2023-07-07 09:37:04 - [TEST_STEP][PASSED] - getStatusCode()).isEqualTo(201): null

2023-07-07 09:37:04 - [TEST_STEP][PASSED] - getElementPropertyValue(response, "cartId"): null

2023-07-07 09:37:04 - [TEST_STEP][PASSED] - basketId = getElementPropertyValue(response, "cartId"): null

2023-07-07 09:37:04 - [TEST_STEP][PASSED] - println(basketId): null

2023-07-07 09:37:04 - [MESSAGE][PASSED] - Verify response successfully

2023-07-07 09:37:04 - [MESSAGE][PASSED] - All validation steps have been passed

2023-07-07 09:37:04 - [MESSAGE][PASSED] - Send request and verify the response successfully

2023-07-07 09:37:04 - [TEST_STEP][PASSED] - jsonSlurper = new groovy.json.JsonSlurper(): null

2023-07-07 09:37:04 - [TEST_STEP][PASSED] - object = jsonSlurper.parseText(response.getResponseBodyContent()): null

2023-07-07 09:37:04 - [TEST_STEP][PASSED] - basketId = cartId: null

2023-07-07 09:37:04 - [TEST_STEP][PASSED] - sendRequestAndVerify(findTestObject("RestAPI/Grocery/Add Items", ["Id":basketId])): Send request and verify the response successfully

2023-07-07 09:37:05 - [MESSAGE][INFO] - HAR: C:\Users\monsh\Katalon Studio\AgiltooAPI\Reports\20230707_093636\AgiltooTestSuite\20230707_093638\requests\main\14.har

2023-07-07 09:37:05 - [TEST_CASE][PASSED] - Start Test Case : Verification: Verification accomplished successfully

2023-07-07 09:37:05 - [TEST_STEP][PASSED] - request = getInstance().getCurrentRequest(): null

2023-07-07 09:37:05 - [TEST_STEP][PASSED] - response = getInstance().getCurrentResponse(): null

2023-07-07 09:37:05 - [TEST_STEP][PASSED] - verifyResponseStatusCode(response, 201): Verify response status code successfully

2023-07-07 09:37:05 - [MESSAGE][PASSED] - Verify response status code successfully

2023-07-07 09:37:05 - [TEST_STEP][PASSED] - getStatusCode()).isEqualTo(201): null

2023-07-07 09:37:05 - [MESSAGE][PASSED] - Verify response successfully

2023-07-07 09:37:05 - [MESSAGE][PASSED] - All validation steps have been passed

2023-07-07 09:37:05 - [MESSAGE][PASSED] - Send request and verify the response successfully

2023-07-07 09:37:05 - [TEST_STEP][PASSED] - sendRequest(findTestObject("RestAPI/Grocery/Register client", ["Username":username, "Email":mail])): Send request successfully

2023-07-07 09:37:06 - [MESSAGE][INFO] - HAR: C:\Users\monsh\Katalon Studio\AgiltooAPI\Reports\20230707_093636\AgiltooTestSuite\20230707_093638\requests\main\15.har

2023-07-07 09:37:06 - [MESSAGE][PASSED] - Send request successfully

2023-07-07 09:37:06 - [TEST_STEP][PASSED] - sendRequestAndVerify(findTestObject("RestAPI/Grocery/Order", ["bearer":token, "carstId":basketId])): Send request and verify the response successfully

2023-07-07 09:37:07 - [MESSAGE][INFO] - HAR: C:\Users\monsh\Katalon Studio\AgiltooAPI\Reports\20230707_093636\AgiltooTestSuite\20230707_093638\requests\main\16.har

2023-07-07 09:37:07 - [TEST_CASE][PASSED] - Start Test Case : Verification: Verification accomplished successfully

2023-07-07 09:37:07 - [TEST_STEP][PASSED] - request = getInstance().getCurrentRequest(): null

2023-07-07 09:37:07 - [TEST_STEP][PASSED] - response = getInstance().getCurrentResponse(): null

2023-07-07 09:37:07 - [MESSAGE][PASSED] - Verify response successfully

2023-07-07 09:37:07 - [MESSAGE][PASSED] - All validation steps have been passed

2023-07-07 09:37:07 - [MESSAGE][PASSED] - Send request and verify the response successfully]]></system-out>
         <system-err><![CDATA[]]></system-err>
      </testcase>
      <testcase name="Test Cases/Order Creation" time="3.809" classname="Test Cases/Order Creation" status="PASSED">
         <system-out><![CDATA[2023-07-07 09:37:07 - [TEST_CASE][PASSED] - Test Cases/Order Creation: Test Cases/Order Creation

2023-07-07 09:37:07 - [TEST_STEP][PASSED] - response = sendRequestAndVerify(findTestObject("RestAPI/Grocery/Cart")): Send request and verify the response successfully

2023-07-07 09:37:08 - [MESSAGE][INFO] - HAR: C:\Users\monsh\Katalon Studio\AgiltooAPI\Reports\20230707_093636\AgiltooTestSuite\20230707_093638\requests\main\17.har

2023-07-07 09:37:08 - [TEST_CASE][PASSED] - Start Test Case : Verification: Verification accomplished successfully

2023-07-07 09:37:08 - [TEST_STEP][PASSED] - request = getInstance().getCurrentRequest(): null

2023-07-07 09:37:08 - [TEST_STEP][PASSED] - response = getInstance().getCurrentResponse(): null

2023-07-07 09:37:08 - [TEST_STEP][PASSED] - verifyResponseStatusCode(response, 201): Verify response status code successfully

2023-07-07 09:37:08 - [MESSAGE][PASSED] - Verify response status code successfully

2023-07-07 09:37:08 - [TEST_STEP][PASSED] - getStatusCode()).isEqualTo(201): null

2023-07-07 09:37:08 - [TEST_STEP][PASSED] - getElementPropertyValue(response, "cartId"): null

2023-07-07 09:37:08 - [TEST_STEP][PASSED] - basketId = getElementPropertyValue(response, "cartId"): null

2023-07-07 09:37:08 - [TEST_STEP][PASSED] - println(basketId): null

2023-07-07 09:37:08 - [MESSAGE][PASSED] - Verify response successfully

2023-07-07 09:37:08 - [MESSAGE][PASSED] - All validation steps have been passed

2023-07-07 09:37:08 - [MESSAGE][PASSED] - Send request and verify the response successfully

2023-07-07 09:37:08 - [TEST_STEP][PASSED] - jsonSlurper = new groovy.json.JsonSlurper(): null

2023-07-07 09:37:08 - [TEST_STEP][PASSED] - object = jsonSlurper.parseText(response.getResponseBodyContent()): null

2023-07-07 09:37:08 - [TEST_STEP][PASSED] - basketId = cartId: null

2023-07-07 09:37:08 - [TEST_STEP][PASSED] - sendRequestAndVerify(findTestObject("RestAPI/Grocery/Add Items", ["Id":basketId])): Send request and verify the response successfully

2023-07-07 09:37:09 - [MESSAGE][INFO] - HAR: C:\Users\monsh\Katalon Studio\AgiltooAPI\Reports\20230707_093636\AgiltooTestSuite\20230707_093638\requests\main\18.har

2023-07-07 09:37:09 - [TEST_CASE][PASSED] - Start Test Case : Verification: Verification accomplished successfully

2023-07-07 09:37:09 - [TEST_STEP][PASSED] - request = getInstance().getCurrentRequest(): null

2023-07-07 09:37:09 - [TEST_STEP][PASSED] - response = getInstance().getCurrentResponse(): null

2023-07-07 09:37:09 - [TEST_STEP][PASSED] - verifyResponseStatusCode(response, 201): Verify response status code successfully

2023-07-07 09:37:09 - [MESSAGE][PASSED] - Verify response status code successfully

2023-07-07 09:37:09 - [TEST_STEP][PASSED] - getStatusCode()).isEqualTo(201): null

2023-07-07 09:37:09 - [MESSAGE][PASSED] - Verify response successfully

2023-07-07 09:37:09 - [MESSAGE][PASSED] - All validation steps have been passed

2023-07-07 09:37:09 - [MESSAGE][PASSED] - Send request and verify the response successfully

2023-07-07 09:37:09 - [TEST_STEP][PASSED] - sendRequest(findTestObject("RestAPI/Grocery/Register client", ["Username":username, "Email":mail])): Send request successfully

2023-07-07 09:37:10 - [MESSAGE][INFO] - HAR: C:\Users\monsh\Katalon Studio\AgiltooAPI\Reports\20230707_093636\AgiltooTestSuite\20230707_093638\requests\main\19.har

2023-07-07 09:37:10 - [MESSAGE][PASSED] - Send request successfully

2023-07-07 09:37:10 - [TEST_STEP][PASSED] - sendRequestAndVerify(findTestObject("RestAPI/Grocery/Order", ["bearer":token, "carstId":basketId])): Send request and verify the response successfully

2023-07-07 09:37:11 - [MESSAGE][INFO] - HAR: C:\Users\monsh\Katalon Studio\AgiltooAPI\Reports\20230707_093636\AgiltooTestSuite\20230707_093638\requests\main\20.har

2023-07-07 09:37:11 - [TEST_CASE][PASSED] - Start Test Case : Verification: Verification accomplished successfully

2023-07-07 09:37:11 - [TEST_STEP][PASSED] - request = getInstance().getCurrentRequest(): null

2023-07-07 09:37:11 - [TEST_STEP][PASSED] - response = getInstance().getCurrentResponse(): null

2023-07-07 09:37:11 - [MESSAGE][PASSED] - Verify response successfully

2023-07-07 09:37:11 - [MESSAGE][PASSED] - All validation steps have been passed

2023-07-07 09:37:11 - [MESSAGE][PASSED] - Send request and verify the response successfully]]></system-out>
         <system-err><![CDATA[]]></system-err>
      </testcase>
      <system-out><![CDATA[2023-07-07 09:36:47 - [TEST_SUITE][PASSED] - AgiltooTestSuite: Test Cases/Order Creation]]></system-out>
      <system-err><![CDATA[]]></system-err>
   </testsuite>
</testsuites>
